<?xml version="1.0" encoding="UTF-8"?>
<!-- Generated by org.testng.reporters.JUnitReportReporter -->
<testsuite hostname="DESKTOP-B4P28L1" failures="0" tests="3" name="listeners.TestNGListenerDemo" time="0.030" errors="0" timestamp="10 Jan 2021 13:25:26 GMT" skipped="0">
  <testcase classname="listeners.TestNGListenerDemo" name="test1" time="0.026"/>
  <testcase classname="listeners.TestNGListenerDemo" name="test2" time="0.002"/>
  <testcase classname="listeners.TestNGListenerDemo" name="test3" time="0.002"/>
</testsuite> <!-- listeners.TestNGListenerDemo -->
