<?xml version="1.0" encoding="UTF-8"?>
<!-- Generated by org.testng.reporters.JUnitReportReporter -->
<testsuite hostname="DESKTOP-B4P28L1" failures="0" tests="1" name="seleniumFrameWork.Test1_GoogleSearch_TestNGdemo" time="27.169" errors="0" timestamp="2021-01-03T02:32:39 EET" skipped="0">
  <testcase classname="seleniumFrameWork.Test1_GoogleSearch_TestNGdemo" name="googlesearch" time="27.169"/>
  <system-out/>
</testsuite> <!-- seleniumFrameWork.Test1_GoogleSearch_TestNGdemo -->
